09:44:36 **** Incremental Build of configuration Release for project Prototype ****
make all 
Building file: ../Botton.cpp
Starting C++ compile
"/Applications/sloeber.app/Contents/Eclipse/arduinoPlugin/tools/arduino/avr-gcc/4.9.2-atmel3.5.3-arduino2/bin/avr-g++" -c -g -Os -std=gnu++11 -fpermissive -fno-exceptions -ffunction-sections -fdata-sections -fno-threadsafe-statics -MMD -flto -mmcu=atmega2560 -DF_CPU=16000000L -DARDUINO=10609 -DARDUINO_AVR_MEGA2560 -DARDUINO_ARCH_AVR   -I"/Applications/sloeber.app/Contents/Eclipse/arduinoPlugin/packages/arduino/hardware/avr/1.6.14/cores/arduino" -I"/Applications/sloeber.app/Contents/Eclipse/arduinoPlugin/packages/arduino/hardware/avr/1.6.14/variants/mega" -I"/Applications/sloeber.app/Contents/Eclipse/arduinoPlugin/packages/arduino/hardware/avr/1.6.14/libraries/Wire" -I"/Applications/sloeber.app/Contents/Eclipse/arduinoPlugin/packages/arduino/hardware/avr/1.6.14/libraries/Wire/src" -I"/Applications/sloeber.app/Contents/Eclipse/arduinoPlugin/packages/arduino/hardware/avr/1.6.14/libraries/SPI" -I"/Applications/sloeber.app/Contents/Eclipse/arduinoPlugin/packages/arduino/hardware/avr/1.6.14/libraries/SPI/src" -I/Users/mkd/GitHub/Arduino/Sloeber/Prototype/inc -I/Users/mkd/GitHub/Arduino/Sloeber/Prototype/Adafruit_GFX -I/Users/mkd/GitHub/Arduino/Sloeber/Prototype/adafruit_ssd1306 -MMD -MP -MF"Botton.cpp.d" -MT"Botton.cpp.o" -D__IN_ECLIPSE__=1 -x c++ "../Botton.cpp" -o "Botton.cpp.o"  -Wall
Finished building: ../Botton.cpp
 
Building file: ../Main.cpp
Starting C++ compile
"/Applications/sloeber.app/Contents/Eclipse/arduinoPlugin/tools/arduino/avr-gcc/4.9.2-atmel3.5.3-arduino2/bin/avr-g++" -c -g -Os -std=gnu++11 -fpermissive -fno-exceptions -ffunction-sections -fdata-sections -fno-threadsafe-statics -MMD -flto -mmcu=atmega2560 -DF_CPU=16000000L -DARDUINO=10609 -DARDUINO_AVR_MEGA2560 -DARDUINO_ARCH_AVR   -I"/Applications/sloeber.app/Contents/Eclipse/arduinoPlugin/packages/arduino/hardware/avr/1.6.14/cores/arduino" -I"/Applications/sloeber.app/Contents/Eclipse/arduinoPlugin/packages/arduino/hardware/avr/1.6.14/variants/mega" -I"/Applications/sloeber.app/Contents/Eclipse/arduinoPlugin/packages/arduino/hardware/avr/1.6.14/libraries/Wire" -I"/Applications/sloeber.app/Contents/Eclipse/arduinoPlugin/packages/arduino/hardware/avr/1.6.14/libraries/Wire/src" -I"/Applications/sloeber.app/Contents/Eclipse/arduinoPlugin/packages/arduino/hardware/avr/1.6.14/libraries/SPI" -I"/Applications/sloeber.app/Contents/Eclipse/arduinoPlugin/packages/arduino/hardware/avr/1.6.14/libraries/SPI/src" -I/Users/mkd/GitHub/Arduino/Sloeber/Prototype/inc -I/Users/mkd/GitHub/Arduino/Sloeber/Prototype/Adafruit_GFX -I/Users/mkd/GitHub/Arduino/Sloeber/Prototype/adafruit_ssd1306 -MMD -MP -MF"Main.cpp.d" -MT"Main.cpp.o" -D__IN_ECLIPSE__=1 -x c++ "../Main.cpp" -o "Main.cpp.o"  -Wall
Finished building: ../Main.cpp
 
Starting combiner
"/Applications/sloeber.app/Contents/Eclipse/arduinoPlugin/tools/arduino/avr-gcc/4.9.2-atmel3.5.3-arduino2/bin/avr-gcc" -Os -Wl,--gc-sections,--relax -mmcu=atmega2560 -o "/Users/mkd/GitHub/Arduino/Sloeber/Prototype/Release/Prototype.elf"   ./.ino.cpp.o ./Botton.cpp.o ./DHT.cpp.o ./Display.cpp.o ./Main.cpp.o ./System.cpp.o ./Temperature.cpp.o ./Timer.cpp.o  ./libraries/Wire/src/utility/twi.c.o  ./libraries/Wire/src/Wire.cpp.o  ./libraries/SPI/src/SPI.cpp.o  ./adafruit_ssd1306/Adafruit_SSD1306.cpp.o  ./Adafruit_GFX/Adafruit_GFX.cpp.o ./Adafruit_GFX/glcdfont.c.o   arduino.ar   "-L/Users/mkd/GitHub/Arduino/Sloeber/Prototype/Release" -lm
Finished building: Prototype.elf
 
Create eeprom image
"/Applications/sloeber.app/Contents/Eclipse/arduinoPlugin/tools/arduino/avr-gcc/4.9.2-atmel3.5.3-arduino2/bin/avr-objcopy" -O ihex -R .eeprom  "/Users/mkd/GitHub/Arduino/Sloeber/Prototype/Release/Prototype.elf" "/Users/mkd/GitHub/Arduino/Sloeber/Prototype/Release/Prototype.hex"
"/Applications/sloeber.app/Contents/Eclipse/arduinoPlugin/tools/arduino/avr-gcc/4.9.2-atmel3.5.3-arduino2/bin/avr-objcopy" -O ihex -j .eeprom --set-section-flags=.eeprom=alloc,load --no-change-warnings --change-section-lma .eeprom=0  "/Users/mkd/GitHub/Arduino/Sloeber/Prototype/Release/Prototype.elf" "/Users/mkd/GitHub/Arduino/Sloeber/Prototype/Release/Prototype.eep"
Finished building: Prototype.hex
 
Building target: Prototype
Printing size:
"/Applications/sloeber.app/Contents/Eclipse/arduinoPlugin/tools/arduino/avr-gcc/4.9.2-atmel3.5.3-arduino2/bin/avr-size" -A "/Users/mkd/GitHub/Arduino/Sloeber/Prototype/Release/Prototype.elf"
/Users/mkd/GitHub/Arduino/Sloeber/Prototype/Release/Prototype.elf  :
section                     size      addr
.data                       1272   8389120
.text                      16180         0
.bss                         426   8390392
.comment                      17         0
.note.gnu.avr.deviceinfo      64         0
.debug_info                 3004         0
.debug_abbrev               2842         0
.debug_line                   26         0
.debug_str                   998         0
Total                      24829


Finished building target: Prototype
 

09:44:37 Build Finished (took 603ms)

